
=== OFFLINE MENU ===
1. Connect to Server
6. Exit
Select: Enter Server IP (e.g. 127.0.0.1): Enter Server Port (e.g.学号后四位): [Info] Connected to server successfully!

=== ONLINE MENU ===
2. Get Server Time
3. Get Server Name
4. Get Client List
5. Send Message
6. Disconnect & Exit
Select: === Starting 100 Requests Stress Test ===

>>> [Response 1/100]: 2025-12-23 20:36:22
>>> 
>>> [Response 2/100]: 2025-12-23 20:36:22
>>> 
>>> [Response 3/100]: 2025-12-23 20:36:22
>>> 
>>> [Response 4/100]: 2025-12-23 20:36:22
>>> 
>>> [Response 5/100]: 2025-12-23 20:36:22
>>> 
>>> [Response 6/100]: 2025-12-23 20:36:23
>>> 
>>> [Response 7/100]: 2025-12-23 20:36:23
>>> 
>>> [Response 8/100]: 2025-12-23 20:36:23
>>> 
>>> [Response 9/100]: 2025-12-23 20:36:23
>>> 
>>> [Response 10/100]: 2025-12-23 20:36:23
>>> 
>>> [Response 11/100]: 2025-12-23 20:36:23
>>> 
>>> [Response 12/100]: 2025-12-23 20:36:23
>>> 
>>> [Response 13/100]: 2025-12-23 20:36:23
>>> 
>>> [Response 14/100]: 2025-12-23 20:36:23
>>> 
>>> [Response 15/100]: 2025-12-23 20:36:23
>>> 
>>> [Response 16/100]: 2025-12-23 20:36:23
>>> 
>>> [Response 17/100]: 2025-12-23 20:36:23
>>> 
>>> [Response 18/100]: 2025-12-23 20:36:23
>>> 
>>> [Response 19/100]: 2025-12-23 20:36:23
>>> 
>>> [Response 20/100]: 2025-12-23 20:36:23
>>> 
>>> [Response 21/100]: 2025-12-23 20:36:23
>>> 
>>> [Response 22/100]: 2025-12-23 20:36:23
>>> 
>>> [Response 23/100]: 2025-12-23 20:36:23
>>> 
>>> [Response 24/100]: 2025-12-23 20:36:23
>>> 
>>> [Response 25/100]: 2025-12-23 20:36:23
>>> 
>>> [Response 26/100]: 2025-12-23 20:36:24
>>> 
>>> [Response 27/100]: 2025-12-23 20:36:24
>>> 
>>> [Response 28/100]: 2025-12-23 20:36:24
>>> 
>>> [Response 29/100]: 2025-12-23 20:36:24
>>> 
>>> [Response 30/100]: 2025-12-23 20:36:24
>>> 
>>> [Response 31/100]: 2025-12-23 20:36:24
>>> 
>>> [Response 32/100]: 2025-12-23 20:36:24
>>> 
>>> [Response 33/100]: 2025-12-23 20:36:24
>>> 
>>> [Response 34/100]: 2025-12-23 20:36:24
>>> 
>>> [Response 35/100]: 2025-12-23 20:36:24
>>> 
>>> [Response 36/100]: 2025-12-23 20:36:24
>>> 
>>> [Response 37/100]: 2025-12-23 20:36:24
>>> 
>>> [Response 38/100]: 2025-12-23 20:36:24
>>> 
>>> [Response 39/100]: 2025-12-23 20:36:24
>>> 
>>> [Response 40/100]: 2025-12-23 20:36:24
>>> 
>>> [Response 41/100]: 2025-12-23 20:36:24
>>> 
>>> [Response 42/100]: 2025-12-23 20:36:24
>>> 
>>> [Response 43/100]: 2025-12-23 20:36:24
>>> 
>>> [Response 44/100]: 2025-12-23 20:36:24
>>> 
>>> [Response 45/100]: 2025-12-23 20:36:24
>>> 
>>> [Response 46/100]: 2025-12-23 20:36:25
>>> 
>>> [Response 47/100]: 2025-12-23 20:36:25
>>> 
>>> [Response 48/100]: 2025-12-23 20:36:25
>>> 
>>> [Response 49/100]: 2025-12-23 20:36:25
>>> 
>>> [Response 50/100]: 2025-12-23 20:36:25
>>> 
>>> [Response 51/100]: 2025-12-23 20:36:25
>>> 
>>> [Response 52/100]: 2025-12-23 20:36:25
>>> 
>>> [Response 53/100]: 2025-12-23 20:36:25
>>> 
>>> [Response 54/100]: 2025-12-23 20:36:25
>>> 
>>> [Response 55/100]: 2025-12-23 20:36:25
>>> 
>>> [Response 56/100]: 2025-12-23 20:36:25
>>> 
>>> [Response 57/100]: 2025-12-23 20:36:25
>>> 
>>> [Response 58/100]: 2025-12-23 20:36:25
>>> 
>>> [Response 59/100]: 2025-12-23 20:36:25
>>> 
>>> [Response 60/100]: 2025-12-23 20:36:25
>>> 
>>> [Response 61/100]: 2025-12-23 20:36:25
>>> 
>>> [Response 62/100]: 2025-12-23 20:36:25
>>> 
>>> [Response 63/100]: 2025-12-23 20:36:25
>>> 
>>> [Response 64/100]: 2025-12-23 20:36:25
>>> 
>>> [Response 65/100]: 2025-12-23 20:36:25
>>> 
>>> [Response 66/100]: 2025-12-23 20:36:26
>>> 
>>> [Response 67/100]: 2025-12-23 20:36:26
>>> 
>>> [Response 68/100]: 2025-12-23 20:36:26
>>> 
>>> [Response 69/100]: 2025-12-23 20:36:26
>>> 
>>> [Response 70/100]: 2025-12-23 20:36:26
>>> 
>>> [Response 71/100]: 2025-12-23 20:36:26
>>> 
>>> [Response 72/100]: 2025-12-23 20:36:26
>>> 
>>> [Response 73/100]: 2025-12-23 20:36:26
>>> 
>>> [Response 74/100]: 2025-12-23 20:36:26
>>> 
>>> [Response 75/100]: 2025-12-23 20:36:26
>>> 
>>> [Response 76/100]: 2025-12-23 20:36:26
>>> 
>>> [Response 77/100]: 2025-12-23 20:36:26
>>> 
>>> [Response 78/100]: 2025-12-23 20:36:26
>>> 
>>> [Response 79/100]: 2025-12-23 20:36:26
>>> 
>>> [Response 80/100]: 2025-12-23 20:36:26
>>> 
>>> [Response 81/100]: 2025-12-23 20:36:26
>>> 
>>> [Response 82/100]: 2025-12-23 20:36:26
>>> 
>>> [Response 83/100]: 2025-12-23 20:36:26
>>> 
>>> [Response 84/100]: 2025-12-23 20:36:26
>>> 
>>> [Response 85/100]: 2025-12-23 20:36:26
>>> 
>>> [Response 86/100]: 2025-12-23 20:36:27
>>> 
>>> [Response 87/100]: 2025-12-23 20:36:27
>>> 
>>> [Response 88/100]: 2025-12-23 20:36:27
>>> 
>>> [Response 89/100]: 2025-12-23 20:36:27
>>> 
>>> [Response 90/100]: 2025-12-23 20:36:27
>>> 
>>> [Response 91/100]: 2025-12-23 20:36:27
>>> 
>>> [Response 92/100]: 2025-12-23 20:36:27
>>> 
>>> [Response 93/100]: 2025-12-23 20:36:27
>>> 
>>> [Response 94/100]: 2025-12-23 20:36:27
>>> 
>>> [Response 95/100]: 2025-12-23 20:36:27
>>> 
>>> [Response 96/100]: 2025-12-23 20:36:27
>>> 
>>> [Response 97/100]: 2025-12-23 20:36:27
>>> 
>>> [Response 98/100]: 2025-12-23 20:36:27
>>> 
>>> [Response 99/100]: 2025-12-23 20:36:27
>>> 
>>> [Response 100/100]: 2025-12-23 20:36:27
>>> [Success] All 100 responses received!
>>> >>> Sent 100 requests. Waiting for responses...

=== ONLINE MENU ===
2. Get Server Time
3. Get Server Name
4. Get Client List
5. Send Message
6. Disconnect & Exit
Select: [Info] Disconnected.
